Build started 4.12.2015 10:27:01.
     1>Project "E:\Koulu\Olio 2\SFML\Shooter\Shooter\Shooter.vcxproj" on node 2 (Build target(s)).
     1>ClCompile:
         E:\Visual Studio\VC\bin\CL.exe /c /I"E:\SFML-Visual_Studio2015RCx32\include" /Zi /nologo /W3 /WX- /sdl /O2 /Oi /Oy- /GL /D _MBCS /Gm- /EHsc /MD /GS /Gy /fp:precise /Zc:wchar_t /Zc:forScope /Zc:inline /Fo"Release\\" /Fd"Release\vc140.pdb" /Gd /TP /analyze- /errorReport:prompt Main.cpp Player.cpp
         Main.cpp
     1>e:\koulu\olio 2\sfml\shooter\shooter\include\MenuScreen.h(27): warning C4244: 'argument': conversion from 'unsigned int' to 'float', possible loss of data
     1>e:\koulu\olio 2\sfml\shooter\shooter\include\MenuScreen.h(52): warning C4244: 'argument': conversion from 'int' to 'float', possible loss of data
     1>e:\koulu\olio 2\sfml\shooter\shooter\include\MenuScreen.h(69): warning C4244: 'argument': conversion from 'int' to 'float', possible loss of data
     1>e:\koulu\olio 2\sfml\shooter\shooter\include\Level1.h(189): warning C4244: 'argument': conversion from 'int' to 'float', possible loss of data
     1>e:\koulu\olio 2\sfml\shooter\shooter\include\Level1.h(193): warning C4244: 'argument': conversion from 'int' to 'float', possible loss of data
     1>e:\koulu\olio 2\sfml\shooter\shooter\include\Level1.h(200): warning C4244: 'argument': conversion from 'int' to 'float', possible loss of data
     1>e:\koulu\olio 2\sfml\shooter\shooter\include\Level1.h(204): warning C4244: 'argument': conversion from 'int' to 'float', possible loss of data
     1>e:\koulu\olio 2\sfml\shooter\shooter\include\Level1.h(211): warning C4244: 'argument': conversion from 'int' to 'float', possible loss of data
     1>e:\koulu\olio 2\sfml\shooter\shooter\include\Level1.h(215): warning C4244: 'argument': conversion from 'int' to 'float', possible loss of data
     1>e:\koulu\olio 2\sfml\shooter\shooter\include\Level1.h(222): warning C4244: 'argument': conversion from 'int' to 'float', possible loss of data
     1>e:\koulu\olio 2\sfml\shooter\shooter\include\Level1.h(226): warning C4244: 'argument': conversion from 'int' to 'float', possible loss of data
     1>e:\koulu\olio 2\sfml\shooter\shooter\include\Level1.h(412): warning C4305: 'argument': truncation from 'double' to 'float'
     1>e:\koulu\olio 2\sfml\shooter\shooter\include\Level1.h(416): warning C4244: 'argument': conversion from 'unsigned int' to 'float', possible loss of data
     1>e:\koulu\olio 2\sfml\shooter\shooter\include\Level1.h(420): warning C4244: 'argument': conversion from 'int' to 'float', possible loss of data
     1>e:\koulu\olio 2\sfml\shooter\shooter\include\Level2.h(186): warning C4244: 'argument': conversion from 'int' to 'float', possible loss of data
     1>e:\koulu\olio 2\sfml\shooter\shooter\include\Level2.h(190): warning C4244: 'argument': conversion from 'int' to 'float', possible loss of data
     1>e:\koulu\olio 2\sfml\shooter\shooter\include\Level2.h(197): warning C4244: 'argument': conversion from 'int' to 'float', possible loss of data
     1>e:\koulu\olio 2\sfml\shooter\shooter\include\Level2.h(201): warning C4244: 'argument': conversion from 'int' to 'float', possible loss of data
     1>e:\koulu\olio 2\sfml\shooter\shooter\include\Level2.h(208): warning C4244: 'argument': conversion from 'int' to 'float', possible loss of data
     1>e:\koulu\olio 2\sfml\shooter\shooter\include\Level2.h(212): warning C4244: 'argument': conversion from 'int' to 'float', possible loss of data
     1>e:\koulu\olio 2\sfml\shooter\shooter\include\Level2.h(219): warning C4244: 'argument': conversion from 'int' to 'float', possible loss of data
     1>e:\koulu\olio 2\sfml\shooter\shooter\include\Level2.h(223): warning C4244: 'argument': conversion from 'int' to 'float', possible loss of data
     1>e:\koulu\olio 2\sfml\shooter\shooter\include\Level2.h(382): warning C4305: 'argument': truncation from 'double' to 'float'
     1>e:\koulu\olio 2\sfml\shooter\shooter\include\Level2.h(420): warning C4244: 'argument': conversion from 'unsigned int' to 'float', possible loss of data
     1>e:\koulu\olio 2\sfml\shooter\shooter\include\Level2.h(424): warning C4244: 'argument': conversion from 'int' to 'float', possible loss of data
     1>e:\koulu\olio 2\sfml\shooter\shooter\include\OptionsScreen.h(25): warning C4244: 'argument': conversion from 'unsigned int' to 'float', possible loss of data
     1>e:\koulu\olio 2\sfml\shooter\shooter\include\OptionsScreen.h(126): warning C4244: 'argument': conversion from 'int' to 'float', possible loss of data
     1>e:\koulu\olio 2\sfml\shooter\shooter\include\PointsScreen.h(31): warning C4244: 'argument': conversion from 'unsigned int' to 'float', possible loss of data
     1>e:\koulu\olio 2\sfml\shooter\shooter\include\MissionsScreen.h(26): warning C4244: 'argument': conversion from 'unsigned int' to 'float', possible loss of data
     1>e:\koulu\olio 2\sfml\shooter\shooter\include\MissionsScreen.h(54): warning C4305: 'argument': truncation from 'double' to 'float'
     1>e:\koulu\olio 2\sfml\shooter\shooter\include\MissionsScreen.h(67): warning C4305: 'argument': truncation from 'double' to 'float'
     1>e:\koulu\olio 2\sfml\shooter\shooter\include\MissionsScreen.h(124): warning C4244: 'argument': conversion from 'double' to 'float', possible loss of data
     1>e:\koulu\olio 2\sfml\shooter\shooter\include\MissionsScreen.h(136): warning C4244: 'argument': conversion from 'double' to 'float', possible loss of data
         Player.cpp
     1>Player.cpp(14): warning C4305: 'argument': truncation from 'double' to 'float'
     1>Player.cpp(35): warning C4305: '=': truncation from 'double' to 'float'
     1>Player.cpp(54): warning C4305: 'initializing': truncation from 'double' to 'float'
     1>Player.cpp(59): warning C4244: 'initializing': conversion from 'double' to 'float', possible loss of data
     1>Player.cpp(216): warning C4305: 'argument': truncation from 'double' to 'float'
     1>Player.cpp(226): warning C4305: 'argument': truncation from 'double' to 'float'
       Link:
         E:\Visual Studio\VC\bin\link.exe /ERRORREPORT:PROMPT /OUT:"E:\Koulu\Olio 2\SFML\Shooter\Release\Shooter.exe" /NOLOGO /LIBPATH:"E:\SFML-Visual_Studio2015RCx32\lib" "sfml-graphics.lib" "sfml-audio.lib" "sfml-window.lib" "sfml-system.lib" kernel32.lib user32.lib gdi32.lib winspool.lib comdlg32.lib advapi32.lib shell32.lib ole32.lib oleaut32.lib uuid.lib odbc32.lib odbccp32.lib kernel32.lib user32.lib gdi32.lib winspool.lib comdlg32.lib advapi32.lib shell32.lib ole32.lib oleaut32.lib uuid.lib odbc32.lib odbccp32.lib /MANIFEST /MANIFESTUAC:"level='asInvoker' uiAccess='false'" /manifest:embed /Debug /PDB:"E:\Koulu\Olio 2\SFML\Shooter\Release\Shooter.pdb" /OPT:REF /OPT:ICF /LTCG:incremental /TLBID:1 /DYNAMICBASE /NXCOMPAT /IMPLIB:"E:\Koulu\Olio 2\SFML\Shooter\Release\Shooter.lib" /MACHINE:X86 /SAFESEH Release\Bullet.obj
         Release\Drone.obj
         Release\Enemy.obj
         Release\Explosion.obj
         Release\GameState.obj
         Release\Loader.obj
         Release\Logics.obj
         Release\Marauder.obj
         Release\Missile.obj
         Release\Player.obj
         Release\Powerups.obj
         Release\Main.obj
         Generating code
         2 of 918 functions ( 0.2%) were compiled, the rest were copied from previous compilation.
           0 functions were new in current compilation
           0 functions had inline decision re-evaluated but remain unchanged
         Finished generating code
         Shooter.vcxproj -> E:\Koulu\Olio 2\SFML\Shooter\Release\Shooter.exe
     1>Done Building Project "E:\Koulu\Olio 2\SFML\Shooter\Shooter\Shooter.vcxproj" (Build target(s)).

Build succeeded.

Time Elapsed 00:00:02.13
